Copyright 1986-2020 Xilinx, Inc. All Rights Reserved.
----------------------------------------------------------------------------------------------------------------------------------------------------------------
| Tool Version     : Vivado v.2020.1 (lin64) Build 2902540 Wed May 27 19:54:35 MDT 2020
| Date             : Sun Apr 28 20:44:03 2024
| Host             : chengjie-RedmiBook-14-II running 64-bit Ubuntu 20.04.6 LTS
| Command          : report_power -file system_wrapper_power_routed.rpt -pb system_wrapper_power_summary_routed.pb -rpx system_wrapper_power_routed.rpx
| Design           : system_wrapper
| Device           : xc7z010clg400-1
| Design State     : routed
| Grade            : commercial
| Process          : typical
| Characterization : Production
----------------------------------------------------------------------------------------------------------------------------------------------------------------

Power Report

Table of Contents
-----------------
1. Summary
1.1 On-Chip Components
1.2 Power Supply Summary
1.3 Confidence Level
2. Settings
2.1 Environment
2.2 Clock Constraints
3. Detailed Reports
3.1 By Hierarchy

1. Summary
----------

+--------------------------+--------------+
| Total On-Chip Power (W)  | 1.491        |
| Design Power Budget (W)  | Unspecified* |
| Power Budget Margin (W)  | NA           |
| Dynamic (W)              | 1.369        |
| Device Static (W)        | 0.123        |
| Effective TJA (C/W)      | 11.5         |
| Max Ambient (C)          | 67.8         |
| Junction Temperature (C) | 42.2         |
| Confidence Level         | Low          |
| Setting File             | ---          |
| Simulation Activity File | ---          |
| Design Nets Matched      | NA           |
+--------------------------+--------------+
* Specify Design Power Budget using, set_operating_conditions -design_power_budget <value in Watts>


1.1 On-Chip Components
----------------------

+-------------------------+-----------+----------+-----------+-----------------+
| On-Chip                 | Power (W) | Used     | Available | Utilization (%) |
+-------------------------+-----------+----------+-----------+-----------------+
| Clocks                  |     0.017 |        5 |       --- |             --- |
| Slice Logic             |     0.006 |     5015 |       --- |             --- |
|   LUT as Logic          |     0.004 |     1356 |     17600 |            7.70 |
|   LUT as Shift Register |     0.001 |      510 |      6000 |            8.50 |
|   Register              |    <0.001 |     2475 |     35200 |            7.03 |
|   CARRY4                |    <0.001 |       82 |      4400 |            1.86 |
|   BUFG                  |    <0.001 |        1 |        32 |            3.13 |
|   Others                |     0.000 |      287 |       --- |             --- |
| Signals                 |     0.007 |     3554 |       --- |             --- |
| I/O                     |     0.056 |       87 |       100 |           87.00 |
| PS7                     |     1.282 |        1 |       --- |             --- |
| Static Power            |     0.123 |          |           |                 |
| Total                   |     1.491 |          |           |                 |
+-------------------------+-----------+----------+-----------+-----------------+


1.2 Power Supply Summary
------------------------

+-----------+-------------+-----------+-------------+------------+-------------+-------------+------------+
| Source    | Voltage (V) | Total (A) | Dynamic (A) | Static (A) | Powerup (A) | Budget (A)  | Margin (A) |
+-----------+-------------+-----------+-------------+------------+-------------+-------------+------------+
| Vccint    |       1.000 |     0.038 |       0.031 |      0.006 |       NA    | Unspecified | NA         |
| Vccaux    |       1.800 |     0.013 |       0.005 |      0.008 |       NA    | Unspecified | NA         |
| Vcco33    |       3.300 |     0.008 |       0.007 |      0.001 |       NA    | Unspecified | NA         |
| Vcco25    |       2.500 |     0.000 |       0.000 |      0.000 |       NA    | Unspecified | NA         |
| Vcco18    |       1.800 |     0.013 |       0.012 |      0.001 |       NA    | Unspecified | NA         |
| Vcco15    |       1.500 |     0.000 |       0.000 |      0.000 |       NA    | Unspecified | NA         |
| Vcco135   |       1.350 |     0.000 |       0.000 |      0.000 |       NA    | Unspecified | NA         |
| Vcco12    |       1.200 |     0.000 |       0.000 |      0.000 |       NA    | Unspecified | NA         |
| Vccaux_io |       1.800 |     0.000 |       0.000 |      0.000 |       NA    | Unspecified | NA         |
| Vccbram   |       1.000 |     0.000 |       0.000 |      0.000 |       NA    | Unspecified | NA         |
| MGTAVcc   |       1.000 |     0.000 |       0.000 |      0.000 |       NA    | Unspecified | NA         |
| MGTAVtt   |       1.200 |     0.000 |       0.000 |      0.000 |       NA    | Unspecified | NA         |
| MGTVccaux |       1.800 |     0.000 |       0.000 |      0.000 |       NA    | Unspecified | NA         |
| Vccpint   |       1.000 |     0.696 |       0.669 |      0.028 |       NA    | Unspecified | NA         |
| Vccpaux   |       1.800 |     0.037 |       0.027 |      0.010 |       NA    | Unspecified | NA         |
| Vccpll    |       1.800 |     0.017 |       0.014 |      0.003 |       NA    | Unspecified | NA         |
| Vcco_ddr  |       1.500 |     0.356 |       0.354 |      0.002 |       NA    | Unspecified | NA         |
| Vcco_mio0 |       3.300 |     0.002 |       0.001 |      0.001 |       NA    | Unspecified | NA         |
| Vcco_mio1 |       2.500 |     0.003 |       0.002 |      0.001 |       NA    | Unspecified | NA         |
| Vccadc    |       1.800 |     0.020 |       0.000 |      0.020 |       NA    | Unspecified | NA         |
+-----------+-------------+-----------+-------------+------------+-------------+-------------+------------+


1.3 Confidence Level
--------------------

+-----------------------------+------------+--------------------------------------------------------+------------------------------------------------------------------------------------------------------------+
| User Input Data             | Confidence | Details                                                | Action                                                                                                     |
+-----------------------------+------------+--------------------------------------------------------+------------------------------------------------------------------------------------------------------------+
| Design implementation state | High       | Design is routed                                       |                                                                                                            |
| Clock nodes activity        | High       | User specified more than 95% of clocks                 |                                                                                                            |
| I/O nodes activity          | Low        | More than 75% of inputs are missing user specification | Provide missing input activity with simulation results or by editing the "By Resource Type -> I/Os" view   |
| Internal nodes activity     | Medium     | User specified less than 25% of internal nodes         | Provide missing internal nodes activity with simulation results or by editing the "By Resource Type" views |
| Device models               | High       | Device models are Production                           |                                                                                                            |
|                             |            |                                                        |                                                                                                            |
| Overall confidence level    | Low        |                                                        |                                                                                                            |
+-----------------------------+------------+--------------------------------------------------------+------------------------------------------------------------------------------------------------------------+


2. Settings
-----------

2.1 Environment
---------------

+-----------------------+------------------------+
| Ambient Temp (C)      | 25.0                   |
| ThetaJA (C/W)         | 11.5                   |
| Airflow (LFM)         | 250                    |
| Heat Sink             | none                   |
| ThetaSA (C/W)         | 0.0                    |
| Board Selection       | medium (10"x10")       |
| # of Board Layers     | 8to11 (8 to 11 Layers) |
| Board Temperature (C) | 25.0                   |
+-----------------------+------------------------+


2.2 Clock Constraints
---------------------

+------------+-----------------------------------------------------------+-----------------+
| Clock      | Domain                                                    | Constraint (ns) |
+------------+-----------------------------------------------------------+-----------------+
| adc_clk    | adc_clk_p_i                                               |             8.0 |
| clk_fpga_0 | system_i/processing_system7_0/inst/FCLK_CLK_unbuffered[0] |             8.0 |
| rx_clk     | daisy_p_i[1]                                              |             4.0 |
+------------+-----------------------------------------------------------+-----------------+


3. Detailed Reports
-------------------

3.1 By Hierarchy
----------------

+----------------------------+-----------+
| Name                       | Power (W) |
+----------------------------+-----------+
| system_wrapper             |     1.369 |
|   system_i                 |     1.344 |
|     adc_smooth_mossbauer_0 |     0.007 |
|       inst                 |     0.007 |
|     axi_gpio_0             |     0.002 |
|       U0                   |     0.002 |
|     axi_gpio_1             |     0.003 |
|       U0                   |     0.003 |
|     axi_gpio_5             |     0.002 |
|       U0                   |     0.002 |
|     axis_red_pitaya_adc_0  |     0.001 |
|       inst                 |     0.001 |
|     back_skim              |     0.001 |
|       inst                 |     0.001 |
|     forward_skim           |     0.001 |
|       inst                 |     0.001 |
|     processing_system7_0   |     1.283 |
|       inst                 |     1.283 |
|     ps7_0_axi_periph       |     0.006 |
|       s00_couplers         |     0.005 |
|       xbar                 |     0.001 |
|     rising32_0             |     0.002 |
|       inst                 |     0.002 |
|     util_ds_buf_2          |     0.030 |
|       U0                   |     0.030 |
+----------------------------+-----------+


