
*** Running vivado
    with args -log system_adc_smooth_mossbauer_0_0.vds -m64 -product Vivado -mode batch -messageDb vivado.pb -notrace -source system_adc_smooth_mossbauer_0_0.tcl


****** Vivado v2020.1 (64-bit)
  **** SW Build 2902540 on Wed May 27 19:54:35 MDT 2020
  **** IP Build 2902112 on Wed May 27 22:43:36 MDT 2020
    ** Copyright 1986-2020 Xilinx, Inc. All Rights Reserved.

source system_adc_smooth_mossbauer_0_0.tcl -notrace
INFO: [IP_Flow 19-234] Refreshing IP repositories
INFO: [IP_Flow 19-1700] Loaded user IP repository '/home/chengjie/Mossbauer_FPGA_DEV/prj/Examples/Data_Splitter/tmp/cores'.
INFO: [IP_Flow 19-2313] Loaded Vivado IP repository '/tools/Xilinx/Vivado/2020.1/data/ip'.
Command: synth_design -top system_adc_smooth_mossbauer_0_0 -part xc7z010clg400-1 -mode out_of_context
Starting synth_design
WARNING: [IP_Flow 19-3571] IP 'system_adc_smooth_mossbauer_0_0' is restricted:
* Module reference is stale and needs refreshing.
Attempting to get a license for feature 'Synthesis' and/or device 'xc7z010'
INFO: [Common 17-349] Got license for feature 'Synthesis' and/or device 'xc7z010'
INFO: [Device 21-403] Loading part xc7z010clg400-1
INFO: [Synth 8-7079] Multithreading enabled for synth_design using a maximum of 4 processes.
INFO: [Synth 8-7078] Launching helper process for spawning children vivado processes
INFO: [Synth 8-7075] Helper process launched with PID 84544
---------------------------------------------------------------------------------
Starting RTL Elaboration : Time (s): cpu = 00:00:03 ; elapsed = 00:00:04 . Memory (MB): peak = 2087.609 ; gain = 0.000 ; free physical = 5101 ; free virtual = 27046
---------------------------------------------------------------------------------
INFO: [Synth 8-6157] synthesizing module 'system_adc_smooth_mossbauer_0_0' [/home/chengjie/Mossbauer_FPGA_DEV/prj/Examples/Data_Splitter/tmp/Data_Splitter/Data_Splitter.srcs/sources_1/bd/system/ip/system_adc_smooth_mossbauer_0_0/synth/system_adc_smooth_mossbauer_0_0.v:58]
INFO: [Synth 8-6157] synthesizing module 'adc_smooth_mossbauer' [/home/chengjie/Mossbauer_FPGA_DEV/prj/Examples/Data_Splitter/verilog/adc_smooth_mossbauer.v:23]
	Parameter ADC_WIDTH bound to: 14 - type: integer 
	Parameter AXIS_TDATA_WIDTH bound to: 32 - type: integer 
	Parameter ACC_WIDTH bound to: 32 - type: integer 
	Parameter N bound to: 1024 - type: integer 
	Parameter ZERO_WIDTH bound to: 18 - type: integer 
INFO: [Synth 8-6155] done synthesizing module 'adc_smooth_mossbauer' (1#1) [/home/chengjie/Mossbauer_FPGA_DEV/prj/Examples/Data_Splitter/verilog/adc_smooth_mossbauer.v:23]
INFO: [Synth 8-6155] done synthesizing module 'system_adc_smooth_mossbauer_0_0' (2#1) [/home/chengjie/Mossbauer_FPGA_DEV/prj/Examples/Data_Splitter/tmp/Data_Splitter/Data_Splitter.srcs/sources_1/bd/system/ip/system_adc_smooth_mossbauer_0_0/synth/system_adc_smooth_mossbauer_0_0.v:58]
---------------------------------------------------------------------------------
Finished RTL Elaboration : Time (s): cpu = 00:00:04 ; elapsed = 00:00:05 . Memory (MB): peak = 2087.609 ; gain = 0.000 ; free physical = 6517 ; free virtual = 28463
---------------------------------------------------------------------------------
---------------------------------------------------------------------------------
Start Handling Custom Attributes
---------------------------------------------------------------------------------
---------------------------------------------------------------------------------
Finished Handling Custom Attributes : Time (s): cpu = 00:00:04 ; elapsed = 00:00:06 . Memory (MB): peak = 2087.609 ; gain = 0.000 ; free physical = 6474 ; free virtual = 28420
---------------------------------------------------------------------------------
---------------------------------------------------------------------------------
Finished RTL Optimization Phase 1 : Time (s): cpu = 00:00:04 ; elapsed = 00:00:06 . Memory (MB): peak = 2087.609 ; gain = 0.000 ; free physical = 6474 ; free virtual = 28420
---------------------------------------------------------------------------------
Netlist sorting complete. Time (s): cpu = 00:00:00.06 ; elapsed = 00:00:00.06 . Memory (MB): peak = 2087.609 ; gain = 0.000 ; free physical = 6395 ; free virtual = 28342
INFO: [Project 1-570] Preparing netlist for logic optimization

Processing XDC Constraints
Initializing timing engine
Completed Processing XDC Constraints

Netlist sorting complete. Time (s): cpu = 00:00:00 ; elapsed = 00:00:00 . Memory (MB): peak = 2179.375 ; gain = 0.000 ; free physical = 6309 ; free virtual = 28255
INFO: [Project 1-111] Unisim Transformation Summary:
No Unisim elements were transformed.

Constraint Validation Runtime : Time (s): cpu = 00:00:00.27 ; elapsed = 00:00:00.13 . Memory (MB): peak = 2183.344 ; gain = 3.969 ; free physical = 6304 ; free virtual = 28250
---------------------------------------------------------------------------------
Finished Constraint Validation : Time (s): cpu = 00:00:09 ; elapsed = 00:00:12 . Memory (MB): peak = 2183.344 ; gain = 95.734 ; free physical = 6384 ; free virtual = 28338
---------------------------------------------------------------------------------
---------------------------------------------------------------------------------
Start Loading Part and Timing Information
---------------------------------------------------------------------------------
Loading part: xc7z010clg400-1
---------------------------------------------------------------------------------
Finished Loading Part and Timing Information : Time (s): cpu = 00:00:09 ; elapsed = 00:00:12 . Memory (MB): peak = 2183.344 ; gain = 95.734 ; free physical = 6384 ; free virtual = 28338
---------------------------------------------------------------------------------
---------------------------------------------------------------------------------
Start Applying 'set_property' XDC Constraints
---------------------------------------------------------------------------------
---------------------------------------------------------------------------------
Finished applying 'set_property' XDC Constraints : Time (s): cpu = 00:00:09 ; elapsed = 00:00:12 . Memory (MB): peak = 2183.344 ; gain = 95.734 ; free physical = 6386 ; free virtual = 28339
---------------------------------------------------------------------------------
---------------------------------------------------------------------------------
Finished RTL Optimization Phase 2 : Time (s): cpu = 00:00:15 ; elapsed = 00:00:17 . Memory (MB): peak = 2183.344 ; gain = 95.734 ; free physical = 6148 ; free virtual = 28102
---------------------------------------------------------------------------------
---------------------------------------------------------------------------------
Start RTL Component Statistics 
---------------------------------------------------------------------------------
Detailed RTL Component Info : 
+---Adders : 
	   4 Input   32 Bit       Adders := 1     
+---Registers : 
	               32 Bit    Registers := 4     
	               14 Bit    Registers := 1025  
---------------------------------------------------------------------------------
Finished RTL Component Statistics 
---------------------------------------------------------------------------------
---------------------------------------------------------------------------------
Start Part Resource Summary
---------------------------------------------------------------------------------
Part Resources:
DSPs: 80 (col length:40)
BRAMs: 120 (col length: RAMB18 40 RAMB36 20)
---------------------------------------------------------------------------------
Finished Part Resource Summary
---------------------------------------------------------------------------------
---------------------------------------------------------------------------------
Start Cross Boundary and Area Optimization
---------------------------------------------------------------------------------
---------------------------------------------------------------------------------
Finished Cross Boundary and Area Optimization : Time (s): cpu = 00:00:22 ; elapsed = 00:00:24 . Memory (MB): peak = 2183.344 ; gain = 95.734 ; free physical = 7893 ; free virtual = 29847
---------------------------------------------------------------------------------
---------------------------------------------------------------------------------
Start Applying XDC Timing Constraints
---------------------------------------------------------------------------------
---------------------------------------------------------------------------------
Finished Applying XDC Timing Constraints : Time (s): cpu = 00:00:26 ; elapsed = 00:00:30 . Memory (MB): peak = 2183.344 ; gain = 95.734 ; free physical = 7768 ; free virtual = 29723
---------------------------------------------------------------------------------
---------------------------------------------------------------------------------
Start Timing Optimization
---------------------------------------------------------------------------------
---------------------------------------------------------------------------------
Finished Timing Optimization : Time (s): cpu = 00:00:26 ; elapsed = 00:00:30 . Memory (MB): peak = 2183.344 ; gain = 95.734 ; free physical = 7765 ; free virtual = 29720
---------------------------------------------------------------------------------
---------------------------------------------------------------------------------
Start Technology Mapping
---------------------------------------------------------------------------------
---------------------------------------------------------------------------------
Finished Technology Mapping : Time (s): cpu = 00:00:27 ; elapsed = 00:00:30 . Memory (MB): peak = 2183.344 ; gain = 95.734 ; free physical = 7736 ; free virtual = 29690
---------------------------------------------------------------------------------
---------------------------------------------------------------------------------
Start IO Insertion
---------------------------------------------------------------------------------
---------------------------------------------------------------------------------
Start Flattening Before IO Insertion
---------------------------------------------------------------------------------
---------------------------------------------------------------------------------
Finished Flattening Before IO Insertion
---------------------------------------------------------------------------------
---------------------------------------------------------------------------------
Start Final Netlist Cleanup
---------------------------------------------------------------------------------
---------------------------------------------------------------------------------
Finished Final Netlist Cleanup
---------------------------------------------------------------------------------
---------------------------------------------------------------------------------
Finished IO Insertion : Time (s): cpu = 00:00:29 ; elapsed = 00:00:33 . Memory (MB): peak = 2183.344 ; gain = 95.734 ; free physical = 7749 ; free virtual = 29704
---------------------------------------------------------------------------------
---------------------------------------------------------------------------------
Start Renaming Generated Instances
---------------------------------------------------------------------------------
---------------------------------------------------------------------------------
Finished Renaming Generated Instances : Time (s): cpu = 00:00:29 ; elapsed = 00:00:33 . Memory (MB): peak = 2183.344 ; gain = 95.734 ; free physical = 7749 ; free virtual = 29704
---------------------------------------------------------------------------------
---------------------------------------------------------------------------------
Start Rebuilding User Hierarchy
---------------------------------------------------------------------------------
---------------------------------------------------------------------------------
Finished Rebuilding User Hierarchy : Time (s): cpu = 00:00:29 ; elapsed = 00:00:33 . Memory (MB): peak = 2183.344 ; gain = 95.734 ; free physical = 7749 ; free virtual = 29704
---------------------------------------------------------------------------------
---------------------------------------------------------------------------------
Start Renaming Generated Ports
---------------------------------------------------------------------------------
---------------------------------------------------------------------------------
Finished Renaming Generated Ports : Time (s): cpu = 00:00:29 ; elapsed = 00:00:33 . Memory (MB): peak = 2183.344 ; gain = 95.734 ; free physical = 7749 ; free virtual = 29704
---------------------------------------------------------------------------------
---------------------------------------------------------------------------------
Start Handling Custom Attributes
---------------------------------------------------------------------------------
---------------------------------------------------------------------------------
Finished Handling Custom Attributes : Time (s): cpu = 00:00:29 ; elapsed = 00:00:33 . Memory (MB): peak = 2183.344 ; gain = 95.734 ; free physical = 7749 ; free virtual = 29704
---------------------------------------------------------------------------------
---------------------------------------------------------------------------------
Start Renaming Generated Nets
---------------------------------------------------------------------------------
---------------------------------------------------------------------------------
Finished Renaming Generated Nets : Time (s): cpu = 00:00:29 ; elapsed = 00:00:33 . Memory (MB): peak = 2183.344 ; gain = 95.734 ; free physical = 7749 ; free virtual = 29704
---------------------------------------------------------------------------------
---------------------------------------------------------------------------------
Start ROM, RAM, DSP and Shift Register Reporting
---------------------------------------------------------------------------------

Static Shift Register Report:
+--------------------------------+------------------------------+--------+-------+--------------+--------------------+-------------------+--------+---------+
|Module Name                     | RTL Name                     | Length | Width | Reset Signal | Pull out first Reg | Pull out last Reg | SRL16E | SRLC32E | 
+--------------------------------+------------------------------+--------+-------+--------------+--------------------+-------------------+--------+---------+
|system_adc_smooth_mossbauer_0_0 | inst/shift_reg_reg[1023][13] | 1024   | 14    | NO           | NO                 | YES               | 0      | 448     | 
+--------------------------------+------------------------------+--------+-------+--------------+--------------------+-------------------+--------+---------+

---------------------------------------------------------------------------------
Finished ROM, RAM, DSP and Shift Register Reporting
---------------------------------------------------------------------------------
---------------------------------------------------------------------------------
Start Writing Synthesis Report
---------------------------------------------------------------------------------

Report BlackBoxes: 
+-+--------------+----------+
| |BlackBox name |Instances |
+-+--------------+----------+
+-+--------------+----------+

Report Cell Usage: 
+------+--------+------+
|      |Cell    |Count |
+------+--------+------+
|1     |CARRY4  |     8|
|2     |LUT2    |    18|
|3     |LUT3    |    14|
|4     |LUT4    |    14|
|5     |SRLC32E |   448|
|6     |FDRE    |    90|
+------+--------+------+
---------------------------------------------------------------------------------
Finished Writing Synthesis Report : Time (s): cpu = 00:00:29 ; elapsed = 00:00:33 . Memory (MB): peak = 2183.344 ; gain = 95.734 ; free physical = 7749 ; free virtual = 29704
---------------------------------------------------------------------------------
Synthesis finished with 0 errors, 0 critical warnings and 0 warnings.
Synthesis Optimization Runtime : Time (s): cpu = 00:00:27 ; elapsed = 00:00:31 . Memory (MB): peak = 2183.344 ; gain = 0.000 ; free physical = 7809 ; free virtual = 29764
Synthesis Optimization Complete : Time (s): cpu = 00:00:29 ; elapsed = 00:00:33 . Memory (MB): peak = 2183.344 ; gain = 95.734 ; free physical = 7809 ; free virtual = 29764
INFO: [Project 1-571] Translating synthesized netlist
Netlist sorting complete. Time (s): cpu = 00:00:00 ; elapsed = 00:00:00 . Memory (MB): peak = 2183.344 ; gain = 0.000 ; free physical = 7878 ; free virtual = 29833
INFO: [Netlist 29-17] Analyzing 8 Unisim elements for replacement
INFO: [Netlist 29-28] Unisim Transformation completed in 0 CPU seconds
INFO: [Project 1-570] Preparing netlist for logic optimization
INFO: [Opt 31-138] Pushed 0 inverter(s) to 0 load pin(s).
Netlist sorting complete. Time (s): cpu = 00:00:00 ; elapsed = 00:00:00 . Memory (MB): peak = 2183.344 ; gain = 0.000 ; free physical = 7835 ; free virtual = 29789
INFO: [Project 1-111] Unisim Transformation Summary:
No Unisim elements were transformed.

INFO: [Common 17-83] Releasing license: Synthesis
21 Infos, 1 Warnings, 0 Critical Warnings and 0 Errors encountered.
synth_design completed successfully
synth_design: Time (s): cpu = 00:00:37 ; elapsed = 00:00:38 . Memory (MB): peak = 2183.344 ; gain = 95.805 ; free physical = 7965 ; free virtual = 29920
INFO: [Common 17-1381] The checkpoint '/home/chengjie/Mossbauer_FPGA_DEV/prj/Examples/Data_Splitter/tmp/Data_Splitter/Data_Splitter.runs/system_adc_smooth_mossbauer_0_0_synth_1/system_adc_smooth_mossbauer_0_0.dcp' has been generated.
WARNING: [Common 17-576] 'use_project_ipc' is deprecated. This option is deprecated and no longer used.
INFO: [Common 17-1381] The checkpoint '/home/chengjie/Mossbauer_FPGA_DEV/prj/Examples/Data_Splitter/tmp/Data_Splitter/Data_Splitter.runs/system_adc_smooth_mossbauer_0_0_synth_1/system_adc_smooth_mossbauer_0_0.dcp' has been generated.
INFO: [runtcl-4] Executing : report_utilization -file system_adc_smooth_mossbauer_0_0_utilization_synth.rpt -pb system_adc_smooth_mossbauer_0_0_utilization_synth.pb
INFO: [Common 17-206] Exiting Vivado at Wed May  8 23:29:01 2024...
