
*** Running vivado
    with args -log system_rising32_0_0.vds -m64 -product Vivado -mode batch -messageDb vivado.pb -notrace -source system_rising32_0_0.tcl


****** Vivado v2020.1 (64-bit)
  **** SW Build 2902540 on Wed May 27 19:54:35 MDT 2020
  **** IP Build 2902112 on Wed May 27 22:43:36 MDT 2020
    ** Copyright 1986-2020 Xilinx, Inc. All Rights Reserved.

source system_rising32_0_0.tcl -notrace
INFO: [IP_Flow 19-234] Refreshing IP repositories
INFO: [IP_Flow 19-1700] Loaded user IP repository '/home/chengjie/Mossbauer_FPGA_DEV/prj/Examples/Data_Splitter/tmp/cores'.
INFO: [IP_Flow 19-2313] Loaded Vivado IP repository '/tools/Xilinx/Vivado/2020.1/data/ip'.
Command: synth_design -top system_rising32_0_0 -part xc7z010clg400-1 -mode out_of_context
Starting synth_design
WARNING: [IP_Flow 19-3571] IP 'system_rising32_0_0' is restricted:
* Module reference is stale and needs refreshing.
Attempting to get a license for feature 'Synthesis' and/or device 'xc7z010'
INFO: [Common 17-349] Got license for feature 'Synthesis' and/or device 'xc7z010'
INFO: [Device 21-403] Loading part xc7z010clg400-1
INFO: [Synth 8-7079] Multithreading enabled for synth_design using a maximum of 4 processes.
INFO: [Synth 8-7078] Launching helper process for spawning children vivado processes
INFO: [Synth 8-7075] Helper process launched with PID 91186
---------------------------------------------------------------------------------
Starting RTL Elaboration : Time (s): cpu = 00:00:03 ; elapsed = 00:00:04 . Memory (MB): peak = 2088.641 ; gain = 0.000 ; free physical = 7880 ; free virtual = 29829
---------------------------------------------------------------------------------
INFO: [Synth 8-6157] synthesizing module 'system_rising32_0_0' [/home/chengjie/Mossbauer_FPGA_DEV/prj/Examples/Data_Splitter/tmp/Data_Splitter/Data_Splitter.srcs/sources_1/bd/system/ip/system_rising32_0_0/synth/system_rising32_0_0.v:58]
INFO: [Synth 8-6157] synthesizing module 'rising32' [/home/chengjie/Mossbauer_FPGA_DEV/prj/Examples/Data_Splitter/verilog/rising32.v:23]
	Parameter ADC_WIDTH bound to: 32 - type: integer 
	Parameter AXIS_TDATA_WIDTH bound to: 32 - type: integer 
	Parameter SAMPLE_SIZE bound to: 100 - type: integer 
INFO: [Synth 8-6155] done synthesizing module 'rising32' (1#1) [/home/chengjie/Mossbauer_FPGA_DEV/prj/Examples/Data_Splitter/verilog/rising32.v:23]
INFO: [Synth 8-6155] done synthesizing module 'system_rising32_0_0' (2#1) [/home/chengjie/Mossbauer_FPGA_DEV/prj/Examples/Data_Splitter/tmp/Data_Splitter/Data_Splitter.srcs/sources_1/bd/system/ip/system_rising32_0_0/synth/system_rising32_0_0.v:58]
---------------------------------------------------------------------------------
Finished RTL Elaboration : Time (s): cpu = 00:00:03 ; elapsed = 00:00:05 . Memory (MB): peak = 2088.641 ; gain = 0.000 ; free physical = 7956 ; free virtual = 29905
---------------------------------------------------------------------------------
---------------------------------------------------------------------------------
Start Handling Custom Attributes
---------------------------------------------------------------------------------
---------------------------------------------------------------------------------
Finished Handling Custom Attributes : Time (s): cpu = 00:00:04 ; elapsed = 00:00:05 . Memory (MB): peak = 2088.641 ; gain = 0.000 ; free physical = 7955 ; free virtual = 29905
---------------------------------------------------------------------------------
---------------------------------------------------------------------------------
Finished RTL Optimization Phase 1 : Time (s): cpu = 00:00:04 ; elapsed = 00:00:05 . Memory (MB): peak = 2088.641 ; gain = 0.000 ; free physical = 7955 ; free virtual = 29905
---------------------------------------------------------------------------------
Netlist sorting complete. Time (s): cpu = 00:00:00 ; elapsed = 00:00:00 . Memory (MB): peak = 2088.641 ; gain = 0.000 ; free physical = 7952 ; free virtual = 29901
INFO: [Project 1-570] Preparing netlist for logic optimization

Processing XDC Constraints
Initializing timing engine
Completed Processing XDC Constraints

Netlist sorting complete. Time (s): cpu = 00:00:00 ; elapsed = 00:00:00 . Memory (MB): peak = 2145.500 ; gain = 0.000 ; free physical = 7877 ; free virtual = 29826
INFO: [Project 1-111] Unisim Transformation Summary:
No Unisim elements were transformed.

Constraint Validation Runtime : Time (s): cpu = 00:00:00.01 ; elapsed = 00:00:00.02 . Memory (MB): peak = 2148.469 ; gain = 2.969 ; free physical = 7873 ; free virtual = 29822
---------------------------------------------------------------------------------
Finished Constraint Validation : Time (s): cpu = 00:00:07 ; elapsed = 00:00:10 . Memory (MB): peak = 2148.469 ; gain = 59.828 ; free physical = 7919 ; free virtual = 29869
---------------------------------------------------------------------------------
---------------------------------------------------------------------------------
Start Loading Part and Timing Information
---------------------------------------------------------------------------------
Loading part: xc7z010clg400-1
---------------------------------------------------------------------------------
Finished Loading Part and Timing Information : Time (s): cpu = 00:00:07 ; elapsed = 00:00:10 . Memory (MB): peak = 2148.469 ; gain = 59.828 ; free physical = 7919 ; free virtual = 29869
---------------------------------------------------------------------------------
---------------------------------------------------------------------------------
Start Applying 'set_property' XDC Constraints
---------------------------------------------------------------------------------
---------------------------------------------------------------------------------
Finished applying 'set_property' XDC Constraints : Time (s): cpu = 00:00:07 ; elapsed = 00:00:10 . Memory (MB): peak = 2148.469 ; gain = 59.828 ; free physical = 7919 ; free virtual = 29869
---------------------------------------------------------------------------------
---------------------------------------------------------------------------------
Finished RTL Optimization Phase 2 : Time (s): cpu = 00:00:08 ; elapsed = 00:00:10 . Memory (MB): peak = 2148.469 ; gain = 59.828 ; free physical = 7921 ; free virtual = 29871
---------------------------------------------------------------------------------
---------------------------------------------------------------------------------
Start RTL Component Statistics 
---------------------------------------------------------------------------------
Detailed RTL Component Info : 
+---Adders : 
	   3 Input   33 Bit       Adders := 1     
	   2 Input   32 Bit       Adders := 2     
+---Registers : 
	               32 Bit    Registers := 3     
	                1 Bit    Registers := 2     
---------------------------------------------------------------------------------
Finished RTL Component Statistics 
---------------------------------------------------------------------------------
---------------------------------------------------------------------------------
Start Part Resource Summary
---------------------------------------------------------------------------------
Part Resources:
DSPs: 80 (col length:40)
BRAMs: 120 (col length: RAMB18 40 RAMB36 20)
---------------------------------------------------------------------------------
Finished Part Resource Summary
---------------------------------------------------------------------------------
---------------------------------------------------------------------------------
Start Cross Boundary and Area Optimization
---------------------------------------------------------------------------------
---------------------------------------------------------------------------------
Finished Cross Boundary and Area Optimization : Time (s): cpu = 00:00:08 ; elapsed = 00:00:10 . Memory (MB): peak = 2148.469 ; gain = 59.828 ; free physical = 7899 ; free virtual = 29851
---------------------------------------------------------------------------------
---------------------------------------------------------------------------------
Start Applying XDC Timing Constraints
---------------------------------------------------------------------------------
---------------------------------------------------------------------------------
Finished Applying XDC Timing Constraints : Time (s): cpu = 00:00:12 ; elapsed = 00:00:15 . Memory (MB): peak = 2148.469 ; gain = 59.828 ; free physical = 7798 ; free virtual = 29751
---------------------------------------------------------------------------------
---------------------------------------------------------------------------------
Start Timing Optimization
---------------------------------------------------------------------------------
---------------------------------------------------------------------------------
Finished Timing Optimization : Time (s): cpu = 00:00:13 ; elapsed = 00:00:15 . Memory (MB): peak = 2148.469 ; gain = 59.828 ; free physical = 7798 ; free virtual = 29751
---------------------------------------------------------------------------------
---------------------------------------------------------------------------------
Start Technology Mapping
---------------------------------------------------------------------------------
---------------------------------------------------------------------------------
Finished Technology Mapping : Time (s): cpu = 00:00:13 ; elapsed = 00:00:16 . Memory (MB): peak = 2148.469 ; gain = 59.828 ; free physical = 7787 ; free virtual = 29740
---------------------------------------------------------------------------------
---------------------------------------------------------------------------------
Start IO Insertion
---------------------------------------------------------------------------------
---------------------------------------------------------------------------------
Start Flattening Before IO Insertion
---------------------------------------------------------------------------------
---------------------------------------------------------------------------------
Finished Flattening Before IO Insertion
---------------------------------------------------------------------------------
---------------------------------------------------------------------------------
Start Final Netlist Cleanup
---------------------------------------------------------------------------------
---------------------------------------------------------------------------------
Finished Final Netlist Cleanup
---------------------------------------------------------------------------------
---------------------------------------------------------------------------------
Finished IO Insertion : Time (s): cpu = 00:00:15 ; elapsed = 00:00:18 . Memory (MB): peak = 2148.469 ; gain = 59.828 ; free physical = 7783 ; free virtual = 29736
---------------------------------------------------------------------------------
---------------------------------------------------------------------------------
Start Renaming Generated Instances
---------------------------------------------------------------------------------
---------------------------------------------------------------------------------
Finished Renaming Generated Instances : Time (s): cpu = 00:00:15 ; elapsed = 00:00:18 . Memory (MB): peak = 2148.469 ; gain = 59.828 ; free physical = 7783 ; free virtual = 29736
---------------------------------------------------------------------------------
---------------------------------------------------------------------------------
Start Rebuilding User Hierarchy
---------------------------------------------------------------------------------
---------------------------------------------------------------------------------
Finished Rebuilding User Hierarchy : Time (s): cpu = 00:00:15 ; elapsed = 00:00:18 . Memory (MB): peak = 2148.469 ; gain = 59.828 ; free physical = 7783 ; free virtual = 29736
---------------------------------------------------------------------------------
---------------------------------------------------------------------------------
Start Renaming Generated Ports
---------------------------------------------------------------------------------
---------------------------------------------------------------------------------
Finished Renaming Generated Ports : Time (s): cpu = 00:00:15 ; elapsed = 00:00:18 . Memory (MB): peak = 2148.469 ; gain = 59.828 ; free physical = 7783 ; free virtual = 29736
---------------------------------------------------------------------------------
---------------------------------------------------------------------------------
Start Handling Custom Attributes
---------------------------------------------------------------------------------
---------------------------------------------------------------------------------
Finished Handling Custom Attributes : Time (s): cpu = 00:00:15 ; elapsed = 00:00:18 . Memory (MB): peak = 2148.469 ; gain = 59.828 ; free physical = 7783 ; free virtual = 29736
---------------------------------------------------------------------------------
---------------------------------------------------------------------------------
Start Renaming Generated Nets
---------------------------------------------------------------------------------
---------------------------------------------------------------------------------
Finished Renaming Generated Nets : Time (s): cpu = 00:00:15 ; elapsed = 00:00:18 . Memory (MB): peak = 2148.469 ; gain = 59.828 ; free physical = 7783 ; free virtual = 29736
---------------------------------------------------------------------------------
---------------------------------------------------------------------------------
Start Writing Synthesis Report
---------------------------------------------------------------------------------

Report BlackBoxes: 
+-+--------------+----------+
| |BlackBox name |Instances |
+-+--------------+----------+
+-+--------------+----------+

Report Cell Usage: 
+------+-------+------+
|      |Cell   |Count |
+------+-------+------+
|1     |CARRY4 |    29|
|2     |LUT1   |    32|
|3     |LUT2   |    32|
|4     |LUT3   |     2|
|5     |LUT4   |    32|
|6     |FDRE   |    98|
+------+-------+------+
---------------------------------------------------------------------------------
Finished Writing Synthesis Report : Time (s): cpu = 00:00:15 ; elapsed = 00:00:18 . Memory (MB): peak = 2148.469 ; gain = 59.828 ; free physical = 7783 ; free virtual = 29736
---------------------------------------------------------------------------------
Synthesis finished with 0 errors, 0 critical warnings and 0 warnings.
Synthesis Optimization Runtime : Time (s): cpu = 00:00:14 ; elapsed = 00:00:17 . Memory (MB): peak = 2148.469 ; gain = 0.000 ; free physical = 7843 ; free virtual = 29796
Synthesis Optimization Complete : Time (s): cpu = 00:00:15 ; elapsed = 00:00:18 . Memory (MB): peak = 2148.469 ; gain = 59.828 ; free physical = 7843 ; free virtual = 29796
INFO: [Project 1-571] Translating synthesized netlist
Netlist sorting complete. Time (s): cpu = 00:00:00 ; elapsed = 00:00:00 . Memory (MB): peak = 2148.469 ; gain = 0.000 ; free physical = 7908 ; free virtual = 29861
INFO: [Netlist 29-17] Analyzing 29 Unisim elements for replacement
INFO: [Netlist 29-28] Unisim Transformation completed in 0 CPU seconds
INFO: [Project 1-570] Preparing netlist for logic optimization
INFO: [Opt 31-138] Pushed 0 inverter(s) to 0 load pin(s).
Netlist sorting complete. Time (s): cpu = 00:00:00 ; elapsed = 00:00:00 . Memory (MB): peak = 2151.438 ; gain = 0.000 ; free physical = 7854 ; free virtual = 29806
INFO: [Project 1-111] Unisim Transformation Summary:
No Unisim elements were transformed.

INFO: [Common 17-83] Releasing license: Synthesis
21 Infos, 1 Warnings, 0 Critical Warnings and 0 Errors encountered.
synth_design completed successfully
synth_design: Time (s): cpu = 00:00:22 ; elapsed = 00:00:23 . Memory (MB): peak = 2151.438 ; gain = 62.867 ; free physical = 7986 ; free virtual = 29939
INFO: [Common 17-1381] The checkpoint '/home/chengjie/Mossbauer_FPGA_DEV/prj/Examples/Data_Splitter/tmp/Data_Splitter/Data_Splitter.runs/system_rising32_0_0_synth_1/system_rising32_0_0.dcp' has been generated.
WARNING: [Common 17-576] 'use_project_ipc' is deprecated. This option is deprecated and no longer used.
INFO: [Common 17-1381] The checkpoint '/home/chengjie/Mossbauer_FPGA_DEV/prj/Examples/Data_Splitter/tmp/Data_Splitter/Data_Splitter.runs/system_rising32_0_0_synth_1/system_rising32_0_0.dcp' has been generated.
INFO: [runtcl-4] Executing : report_utilization -file system_rising32_0_0_utilization_synth.rpt -pb system_rising32_0_0_utilization_synth.pb
INFO: [Common 17-206] Exiting Vivado at Wed May  8 23:44:15 2024...
