
*** Running vivado
    with args -log system_trigger_mossbauer_0_1.vds -m64 -product Vivado -mode batch -messageDb vivado.pb -notrace -source system_trigger_mossbauer_0_1.tcl


****** Vivado v2020.1 (64-bit)
  **** SW Build 2902540 on Wed May 27 19:54:35 MDT 2020
  **** IP Build 2902112 on Wed May 27 22:43:36 MDT 2020
    ** Copyright 1986-2020 Xilinx, Inc. All Rights Reserved.

source system_trigger_mossbauer_0_1.tcl -notrace
INFO: [IP_Flow 19-234] Refreshing IP repositories
INFO: [IP_Flow 19-1700] Loaded user IP repository '/home/chengjie/Mossbauer_FPGA_DEV/prj/Examples/Data_Splitter/tmp/cores'.
INFO: [IP_Flow 19-2313] Loaded Vivado IP repository '/tools/Xilinx/Vivado/2020.1/data/ip'.
Command: synth_design -top system_trigger_mossbauer_0_1 -part xc7z010clg400-1 -mode out_of_context
Starting synth_design
WARNING: [IP_Flow 19-3571] IP 'system_trigger_mossbauer_0_1' is restricted:
* Module reference is stale and needs refreshing.
Attempting to get a license for feature 'Synthesis' and/or device 'xc7z010'
INFO: [Common 17-349] Got license for feature 'Synthesis' and/or device 'xc7z010'
INFO: [Device 21-403] Loading part xc7z010clg400-1
INFO: [Synth 8-7079] Multithreading enabled for synth_design using a maximum of 4 processes.
INFO: [Synth 8-7078] Launching helper process for spawning children vivado processes
INFO: [Synth 8-7075] Helper process launched with PID 42312
---------------------------------------------------------------------------------
Starting RTL Elaboration : Time (s): cpu = 00:00:03 ; elapsed = 00:00:09 . Memory (MB): peak = 2087.668 ; gain = 0.000 ; free physical = 3121 ; free virtual = 24977
---------------------------------------------------------------------------------
INFO: [Synth 8-6157] synthesizing module 'system_trigger_mossbauer_0_1' [/home/chengjie/Mossbauer_FPGA_DEV/prj/Examples/Data_Splitter/tmp/Data_Splitter/Data_Splitter.srcs/sources_1/bd/system/ip/system_trigger_mossbauer_0_1/synth/system_trigger_mossbauer_0_1.v:58]
INFO: [Synth 8-6157] synthesizing module 'trigger_mossbauer' [/home/chengjie/Mossbauer_FPGA_DEV/prj/Examples/Data_Splitter/verilog/trigger_mossbauer.v:23]
INFO: [Synth 8-6155] done synthesizing module 'trigger_mossbauer' (1#1) [/home/chengjie/Mossbauer_FPGA_DEV/prj/Examples/Data_Splitter/verilog/trigger_mossbauer.v:23]
INFO: [Synth 8-6155] done synthesizing module 'system_trigger_mossbauer_0_1' (2#1) [/home/chengjie/Mossbauer_FPGA_DEV/prj/Examples/Data_Splitter/tmp/Data_Splitter/Data_Splitter.srcs/sources_1/bd/system/ip/system_trigger_mossbauer_0_1/synth/system_trigger_mossbauer_0_1.v:58]
---------------------------------------------------------------------------------
Finished RTL Elaboration : Time (s): cpu = 00:00:04 ; elapsed = 00:00:10 . Memory (MB): peak = 2087.668 ; gain = 0.000 ; free physical = 4020 ; free virtual = 25878
---------------------------------------------------------------------------------
---------------------------------------------------------------------------------
Start Handling Custom Attributes
---------------------------------------------------------------------------------
---------------------------------------------------------------------------------
Finished Handling Custom Attributes : Time (s): cpu = 00:00:04 ; elapsed = 00:00:11 . Memory (MB): peak = 2087.668 ; gain = 0.000 ; free physical = 4627 ; free virtual = 26484
---------------------------------------------------------------------------------
---------------------------------------------------------------------------------
Finished RTL Optimization Phase 1 : Time (s): cpu = 00:00:04 ; elapsed = 00:00:11 . Memory (MB): peak = 2087.668 ; gain = 0.000 ; free physical = 4626 ; free virtual = 26483
---------------------------------------------------------------------------------
Netlist sorting complete. Time (s): cpu = 00:00:00 ; elapsed = 00:00:00.01 . Memory (MB): peak = 2087.668 ; gain = 0.000 ; free physical = 4614 ; free virtual = 26471
INFO: [Project 1-570] Preparing netlist for logic optimization

Processing XDC Constraints
Initializing timing engine
Completed Processing XDC Constraints

Netlist sorting complete. Time (s): cpu = 00:00:00 ; elapsed = 00:00:00 . Memory (MB): peak = 2135.621 ; gain = 0.000 ; free physical = 4491 ; free virtual = 26348
INFO: [Project 1-111] Unisim Transformation Summary:
No Unisim elements were transformed.

Constraint Validation Runtime : Time (s): cpu = 00:00:00.02 ; elapsed = 00:00:00.02 . Memory (MB): peak = 2135.621 ; gain = 0.000 ; free physical = 4498 ; free virtual = 26355
---------------------------------------------------------------------------------
Finished Constraint Validation : Time (s): cpu = 00:00:09 ; elapsed = 00:00:17 . Memory (MB): peak = 2135.621 ; gain = 47.953 ; free physical = 4578 ; free virtual = 26448
---------------------------------------------------------------------------------
---------------------------------------------------------------------------------
Start Loading Part and Timing Information
---------------------------------------------------------------------------------
Loading part: xc7z010clg400-1
---------------------------------------------------------------------------------
Finished Loading Part and Timing Information : Time (s): cpu = 00:00:09 ; elapsed = 00:00:17 . Memory (MB): peak = 2135.621 ; gain = 47.953 ; free physical = 4578 ; free virtual = 26448
---------------------------------------------------------------------------------
---------------------------------------------------------------------------------
Start Applying 'set_property' XDC Constraints
---------------------------------------------------------------------------------
---------------------------------------------------------------------------------
Finished applying 'set_property' XDC Constraints : Time (s): cpu = 00:00:09 ; elapsed = 00:00:17 . Memory (MB): peak = 2135.621 ; gain = 47.953 ; free physical = 4578 ; free virtual = 26448
---------------------------------------------------------------------------------
---------------------------------------------------------------------------------
Finished RTL Optimization Phase 2 : Time (s): cpu = 00:00:09 ; elapsed = 00:00:18 . Memory (MB): peak = 2135.621 ; gain = 47.953 ; free physical = 4613 ; free virtual = 26485
---------------------------------------------------------------------------------
---------------------------------------------------------------------------------
Start RTL Component Statistics 
---------------------------------------------------------------------------------
Detailed RTL Component Info : 
+---Adders : 
	   2 Input   32 Bit       Adders := 2     
+---Registers : 
	               32 Bit    Registers := 1     
	                1 Bit    Registers := 4     
+---Muxes : 
	   2 Input   32 Bit        Muxes := 2     
	   2 Input    1 Bit        Muxes := 5     
---------------------------------------------------------------------------------
Finished RTL Component Statistics 
---------------------------------------------------------------------------------
---------------------------------------------------------------------------------
Start Part Resource Summary
---------------------------------------------------------------------------------
Part Resources:
DSPs: 80 (col length:40)
BRAMs: 120 (col length: RAMB18 40 RAMB36 20)
---------------------------------------------------------------------------------
Finished Part Resource Summary
---------------------------------------------------------------------------------
---------------------------------------------------------------------------------
Start Cross Boundary and Area Optimization
---------------------------------------------------------------------------------
---------------------------------------------------------------------------------
Finished Cross Boundary and Area Optimization : Time (s): cpu = 00:00:10 ; elapsed = 00:00:19 . Memory (MB): peak = 2135.621 ; gain = 47.953 ; free physical = 4549 ; free virtual = 26426
---------------------------------------------------------------------------------
---------------------------------------------------------------------------------
Start Applying XDC Timing Constraints
---------------------------------------------------------------------------------
---------------------------------------------------------------------------------
Finished Applying XDC Timing Constraints : Time (s): cpu = 00:00:15 ; elapsed = 00:00:25 . Memory (MB): peak = 2135.621 ; gain = 47.953 ; free physical = 3879 ; free virtual = 25757
---------------------------------------------------------------------------------
---------------------------------------------------------------------------------
Start Timing Optimization
---------------------------------------------------------------------------------
---------------------------------------------------------------------------------
Finished Timing Optimization : Time (s): cpu = 00:00:15 ; elapsed = 00:00:25 . Memory (MB): peak = 2135.621 ; gain = 47.953 ; free physical = 3879 ; free virtual = 25757
---------------------------------------------------------------------------------
---------------------------------------------------------------------------------
Start Technology Mapping
---------------------------------------------------------------------------------
---------------------------------------------------------------------------------
Finished Technology Mapping : Time (s): cpu = 00:00:15 ; elapsed = 00:00:25 . Memory (MB): peak = 2135.621 ; gain = 47.953 ; free physical = 3861 ; free virtual = 25739
---------------------------------------------------------------------------------
---------------------------------------------------------------------------------
Start IO Insertion
---------------------------------------------------------------------------------
---------------------------------------------------------------------------------
Start Flattening Before IO Insertion
---------------------------------------------------------------------------------
---------------------------------------------------------------------------------
Finished Flattening Before IO Insertion
---------------------------------------------------------------------------------
---------------------------------------------------------------------------------
Start Final Netlist Cleanup
---------------------------------------------------------------------------------
---------------------------------------------------------------------------------
Finished Final Netlist Cleanup
---------------------------------------------------------------------------------
---------------------------------------------------------------------------------
Finished IO Insertion : Time (s): cpu = 00:00:18 ; elapsed = 00:00:28 . Memory (MB): peak = 2135.621 ; gain = 47.953 ; free physical = 4259 ; free virtual = 26137
---------------------------------------------------------------------------------
---------------------------------------------------------------------------------
Start Renaming Generated Instances
---------------------------------------------------------------------------------
---------------------------------------------------------------------------------
Finished Renaming Generated Instances : Time (s): cpu = 00:00:18 ; elapsed = 00:00:28 . Memory (MB): peak = 2135.621 ; gain = 47.953 ; free physical = 4258 ; free virtual = 26136
---------------------------------------------------------------------------------
---------------------------------------------------------------------------------
Start Rebuilding User Hierarchy
---------------------------------------------------------------------------------
---------------------------------------------------------------------------------
Finished Rebuilding User Hierarchy : Time (s): cpu = 00:00:18 ; elapsed = 00:00:28 . Memory (MB): peak = 2135.621 ; gain = 47.953 ; free physical = 4257 ; free virtual = 26135
---------------------------------------------------------------------------------
---------------------------------------------------------------------------------
Start Renaming Generated Ports
---------------------------------------------------------------------------------
---------------------------------------------------------------------------------
Finished Renaming Generated Ports : Time (s): cpu = 00:00:18 ; elapsed = 00:00:28 . Memory (MB): peak = 2135.621 ; gain = 47.953 ; free physical = 4257 ; free virtual = 26135
---------------------------------------------------------------------------------
---------------------------------------------------------------------------------
Start Handling Custom Attributes
---------------------------------------------------------------------------------
---------------------------------------------------------------------------------
Finished Handling Custom Attributes : Time (s): cpu = 00:00:18 ; elapsed = 00:00:28 . Memory (MB): peak = 2135.621 ; gain = 47.953 ; free physical = 4258 ; free virtual = 26136
---------------------------------------------------------------------------------
---------------------------------------------------------------------------------
Start Renaming Generated Nets
---------------------------------------------------------------------------------
---------------------------------------------------------------------------------
Finished Renaming Generated Nets : Time (s): cpu = 00:00:18 ; elapsed = 00:00:28 . Memory (MB): peak = 2135.621 ; gain = 47.953 ; free physical = 4258 ; free virtual = 26135
---------------------------------------------------------------------------------
---------------------------------------------------------------------------------
Start Writing Synthesis Report
---------------------------------------------------------------------------------

Report BlackBoxes: 
+-+--------------+----------+
| |BlackBox name |Instances |
+-+--------------+----------+
+-+--------------+----------+

Report Cell Usage: 
+------+-------+------+
|      |Cell   |Count |
+------+-------+------+
|1     |CARRY4 |    16|
|2     |LUT1   |    62|
|3     |LUT2   |     1|
|4     |LUT3   |     2|
|5     |LUT4   |     5|
|6     |LUT5   |     2|
|7     |LUT6   |    35|
|8     |FDRE   |    36|
+------+-------+------+
---------------------------------------------------------------------------------
Finished Writing Synthesis Report : Time (s): cpu = 00:00:18 ; elapsed = 00:00:28 . Memory (MB): peak = 2135.621 ; gain = 47.953 ; free physical = 4257 ; free virtual = 26135
---------------------------------------------------------------------------------
Synthesis finished with 0 errors, 0 critical warnings and 0 warnings.
Synthesis Optimization Runtime : Time (s): cpu = 00:00:17 ; elapsed = 00:00:27 . Memory (MB): peak = 2135.621 ; gain = 0.000 ; free physical = 4287 ; free virtual = 26165
Synthesis Optimization Complete : Time (s): cpu = 00:00:18 ; elapsed = 00:00:28 . Memory (MB): peak = 2135.621 ; gain = 47.953 ; free physical = 4287 ; free virtual = 26165
INFO: [Project 1-571] Translating synthesized netlist
Netlist sorting complete. Time (s): cpu = 00:00:00 ; elapsed = 00:00:00 . Memory (MB): peak = 2135.621 ; gain = 0.000 ; free physical = 4376 ; free virtual = 26254
INFO: [Netlist 29-17] Analyzing 16 Unisim elements for replacement
INFO: [Netlist 29-28] Unisim Transformation completed in 0 CPU seconds
INFO: [Project 1-570] Preparing netlist for logic optimization
INFO: [Opt 31-138] Pushed 0 inverter(s) to 0 load pin(s).
Netlist sorting complete. Time (s): cpu = 00:00:00 ; elapsed = 00:00:00 . Memory (MB): peak = 2154.535 ; gain = 0.000 ; free physical = 4734 ; free virtual = 26609
INFO: [Project 1-111] Unisim Transformation Summary:
No Unisim elements were transformed.

INFO: [Common 17-83] Releasing license: Synthesis
21 Infos, 1 Warnings, 0 Critical Warnings and 0 Errors encountered.
synth_design completed successfully
synth_design: Time (s): cpu = 00:00:26 ; elapsed = 00:00:35 . Memory (MB): peak = 2154.535 ; gain = 66.938 ; free physical = 4838 ; free virtual = 26712
INFO: [Common 17-1381] The checkpoint '/home/chengjie/Mossbauer_FPGA_DEV/prj/Examples/Data_Splitter/tmp/Data_Splitter/Data_Splitter.runs/system_trigger_mossbauer_0_1_synth_1/system_trigger_mossbauer_0_1.dcp' has been generated.
WARNING: [Common 17-576] 'use_project_ipc' is deprecated. This option is deprecated and no longer used.
INFO: [Common 17-1381] The checkpoint '/home/chengjie/Mossbauer_FPGA_DEV/prj/Examples/Data_Splitter/tmp/Data_Splitter/Data_Splitter.runs/system_trigger_mossbauer_0_1_synth_1/system_trigger_mossbauer_0_1.dcp' has been generated.
INFO: [runtcl-4] Executing : report_utilization -file system_trigger_mossbauer_0_1_utilization_synth.rpt -pb system_trigger_mossbauer_0_1_utilization_synth.pb
INFO: [Common 17-206] Exiting Vivado at Wed May  8 20:25:55 2024...
